

k34in8u3b3raujv1dspjtsma1a
k34in8u3b3raujv1dspjtsma1a
k34in8u3b3raujv1dspjtsma1a
k34in8u3b3raujv1dspjtsma1a
k34in8u3b3raujv1dspjtsma1a
k34in8u3b3raujv1dspjtsma1a
k34in8u3b3raujv1dspjtsma1a
k34in8u3b3raujv1dspjtsma1a
k34in8u3b3raujv1dspjtsma1a
k34in8u3b3raujv1dspjtsma1a
k34in8u3b3raujv1dspjtsma1a
k34in8u3b3raujv1dspjtsma1a
k34in8u3b3raujv1dspjtsma1a
k34in8u3b3raujv1dspjtsma1a
k34in8u3b3raujv1dspjtsma1a
k34in8u3b3raujv1dspjtsma1a
k34in8u3b3raujv1dspjtsma1a
29156pjnffsuecnqasin9i3aqu
29156pjnffsuecnqasin9i3aqu
1lovjq189d5ic60b6ajv7o4frk
1lovjq189d5ic60b6ajv7o4frk
1lovjq189d5ic60b6ajv7o4frk
1lovjq189d5ic60b6ajv7o4frk
1lovjq189d5ic60b6ajv7o4frk
1lovjq189d5ic60b6ajv7o4frk
1lovjq189d5ic60b6ajv7o4frk
esck433smks5vpiandeqi2d9m1
esck433smks5vpiandeqi2d9m1
esck433smks5vpiandeqi2d9m1
esck433smks5vpiandeqi2d9m1
rd5399g4ondcht29bdet60pqm9
rd5399g4ondcht29bdet60pqm9
rd5399g4ondcht29bdet60pqm9
rd5399g4ondcht29bdet60pqm9
rd5399g4ondcht29bdet60pqm9
rd5399g4ondcht29bdet60pqm9
gmtg00pv22q2ak28cq31ta7g7s
h4uib1fss38eiisv0k7672g2sd
h4uib1fss38eiisv0k7672g2sd
h4uib1fss38eiisv0k7672g2sd
h4uib1fss38eiisv0k7672g2sd
h4uib1fss38eiisv0k7672g2sd
d535khkokmimtrpj6t1arg56hl
d535khkokmimtrpj6t1arg56hl
d535khkokmimtrpj6t1arg56hl
al87u7udajjciv1rmpgthgo5k2
