SESSION challenge exists: yes
SESSION keys: Array
(
    [0] => admin_email
    [1] => webauthn_challenge
    [2] => webauthn_user
)

SESSION challenge exists: yes
SESSION keys: Array
(
    [0] => admin_email
    [1] => webauthn_challenge
    [2] => webauthn_user
)

SESSION challenge exists: yes
SESSION keys: Array
(
    [0] => admin_email
    [1] => webauthn_challenge
    [2] => webauthn_user
)

SESSION challenge exists: yes
SESSION keys: Array
(
    [0] => admin_email
    [1] => webauthn_challenge
    [2] => webauthn_user
)

SESSION challenge exists: yes
SESSION keys: Array
(
    [0] => admin_email
    [1] => employee_id
    [2] => email
    [3] => webauthn_challenge
    [4] => webauthn_user
)

SESSION challenge exists: yes
SESSION keys: Array
(
    [0] => admin_email
    [1] => employee_id
    [2] => email
    [3] => webauthn_challenge
    [4] => webauthn_user
)

SESSION challenge exists: yes
SESSION keys: Array
(
    [0] => admin_email
    [1] => webauthn_challenge
    [2] => webauthn_user
)

SESSION challenge exists: yes
SESSION keys: Array
(
    [0] => admin_email
    [1] => webauthn_challenge
    [2] => webauthn_user
)

SESSION challenge exists: yes
SESSION keys: Array
(
    [0] => admin_email
    [1] => webauthn_challenge
    [2] => webauthn_user
)

SESSION challenge exists: yes
SESSION keys: Array
(
    [0] => admin_email
    [1] => webauthn_challenge
    [2] => webauthn_user
)

SESSION challenge exists: yes
SESSION keys: Array
(
    [0] => admin_email
    [1] => webauthn_challenge
    [2] => webauthn_user
)

