session_b64u: Hunr37mJtST6Zr-_XX0bhtW3540_xQYOBme1vIJa1jU
session_hex: 1ee9ebdfb989b524fa66bfbf5d7d1b86d5b7e78d3fc5060e0667b5bc825ad635
client_b64u: Hunr37mJtST6Zr-_XX0bhtW3540_xQYOBme1vIJa1jU
client_hex: 1ee9ebdfb989b524fa66bfbf5d7d1b86d5b7e78d3fc5060e0667b5bc825ad635
match: YES

session_b64u: Hunr37mJtST6Zr-_XX0bhtW3540_xQYOBme1vIJa1jU
session_hex: 1ee9ebdfb989b524fa66bfbf5d7d1b86d5b7e78d3fc5060e0667b5bc825ad635
client_b64u: Hunr37mJtST6Zr-_XX0bhtW3540_xQYOBme1vIJa1jU
client_hex: 1ee9ebdfb989b524fa66bfbf5d7d1b86d5b7e78d3fc5060e0667b5bc825ad635
match: YES

session_b64u: Hunr37mJtST6Zr-_XX0bhtW3540_xQYOBme1vIJa1jU
session_hex: 1ee9ebdfb989b524fa66bfbf5d7d1b86d5b7e78d3fc5060e0667b5bc825ad635
client_b64u: Hunr37mJtST6Zr-_XX0bhtW3540_xQYOBme1vIJa1jU
client_hex: 1ee9ebdfb989b524fa66bfbf5d7d1b86d5b7e78d3fc5060e0667b5bc825ad635
match: YES

session_b64u: Hunr37mJtST6Zr-_XX0bhtW3540_xQYOBme1vIJa1jU
session_hex: 1ee9ebdfb989b524fa66bfbf5d7d1b86d5b7e78d3fc5060e0667b5bc825ad635
client_b64u: Hunr37mJtST6Zr-_XX0bhtW3540_xQYOBme1vIJa1jU
client_hex: 1ee9ebdfb989b524fa66bfbf5d7d1b86d5b7e78d3fc5060e0667b5bc825ad635
match: YES

session_b64u: Hunr37mJtST6Zr-_XX0bhtW3540_xQYOBme1vIJa1jU
session_hex: 1ee9ebdfb989b524fa66bfbf5d7d1b86d5b7e78d3fc5060e0667b5bc825ad635
client_b64u: Hunr37mJtST6Zr-_XX0bhtW3540_xQYOBme1vIJa1jU
client_hex: 1ee9ebdfb989b524fa66bfbf5d7d1b86d5b7e78d3fc5060e0667b5bc825ad635
match: YES

session_b64u: Hunr37mJtST6Zr-_XX0bhtW3540_xQYOBme1vIJa1jU
session_hex: 1ee9ebdfb989b524fa66bfbf5d7d1b86d5b7e78d3fc5060e0667b5bc825ad635
client_b64u: Hunr37mJtST6Zr-_XX0bhtW3540_xQYOBme1vIJa1jU
client_hex: 1ee9ebdfb989b524fa66bfbf5d7d1b86d5b7e78d3fc5060e0667b5bc825ad635
match: YES

session_b64u: YTgvupuJIOU8tis_J4WItsYVUHVOC7am_is1iS44OTQ
session_hex: 61382fba9b8920e53cb62b3f278588b6c61550754e0bb6a6fe2b35892e383934
client_b64u: YTgvupuJIOU8tis_J4WItsYVUHVOC7am_is1iS44OTQ
client_hex: 61382fba9b8920e53cb62b3f278588b6c61550754e0bb6a6fe2b35892e383934
match: YES

