[2026-01-03 17:54:54] [INFO] ==========================================
[2026-01-03 17:54:54] [INFO] MQTT Bridge Service Starting...
[2026-01-03 17:54:54] [INFO] ==========================================
[2026-01-03 17:54:54] [SUCCESS] Database connected
[2026-01-03 17:54:54] [INFO] Connecting to MQTT broker: fad64f7d54c740f7b5b3679bdba0f4cf.s1.eu.hivemq.cloud:8883
[2026-01-03 17:54:55] [ERROR] MQTT connection failed!
[2026-01-03 17:56:33] [INFO] ==========================================
[2026-01-03 17:56:33] [INFO] MQTT Bridge Service Starting...
[2026-01-03 17:56:33] [INFO] ==========================================
[2026-01-03 17:56:33] [SUCCESS] Database connected
[2026-01-03 17:56:33] [INFO] Connecting to MQTT broker: fad64f7d54c740f7b5b3679bdba0f4cf.s1.eu.hivemq.cloud:8883
[2026-01-03 17:56:34] [ERROR] MQTT connection failed!
[2026-01-03 18:00:56] [INFO] ==========================================
[2026-01-03 18:00:56] [INFO] MQTT Bridge Service Starting...
[2026-01-03 18:00:56] [INFO] ==========================================
[2026-01-03 18:00:56] [SUCCESS] Database connected
[2026-01-03 18:00:56] [INFO] Connecting to MQTT broker: fad64f7d54c740f7b5b3679bdba0f4cf.s1.eu.hivemq.cloud:8883
[2026-01-03 18:00:58] [SUCCESS] MQTT connected successfully
[2026-01-03 18:00:58] [SUCCESS] Subscribed to all topics
[2026-01-03 18:00:58] [INFO] ==========================================
[2026-01-03 18:00:58] [INFO] MQTT Bridge running. Waiting for messages...
[2026-01-03 18:00:58] [INFO] Press Ctrl+C to stop
[2026-01-03 18:00:58] [INFO] ==========================================

[2026-01-03 18:00:59] [INFO] Device status update received
[2026-01-03 18:00:59] [INFO] Device status updated: DragonEdge-ESP32-Biometric
[2026-01-03 18:01:01] [INFO] Device status update received
[2026-01-03 18:01:01] [INFO] Device status updated: DragonEdge-ESP32-Biometric
[2026-01-03 18:01:14] [INFO] Message received on topic: dragonedge/attendance
[2026-01-03 18:01:14] [INFO] Processing attendance: FP_ID=1, Time=2025-12-27 04:59:19, Device=DragonEdge-ESP32-Biometric
[2026-01-03 18:01:14] [INFO] Raw attendance saved with ID: 1
[2026-01-03 18:01:14] [ERROR] Employee not found for fingerprint ID: 1
[2026-01-03 18:01:19] [INFO] Message received on topic: dragonedge/attendance
[2026-01-03 18:01:19] [INFO] Processing attendance: FP_ID=1, Time=2025-12-27 04:59:24, Device=DragonEdge-ESP32-Biometric
[2026-01-03 18:01:19] [INFO] Raw attendance saved with ID: 2
[2026-01-03 18:01:19] [ERROR] Employee not found for fingerprint ID: 1
[2026-01-03 18:01:55] [INFO] Message received on topic: dragonedge/attendance
[2026-01-03 18:01:55] [INFO] Processing attendance: FP_ID=1, Time=2025-12-27 05:00:00, Device=DragonEdge-ESP32-Biometric
[2026-01-03 18:01:55] [INFO] Raw attendance saved with ID: 3
[2026-01-03 18:01:55] [ERROR] Employee not found for fingerprint ID: 1
[2026-01-03 18:02:00] [INFO] Message received on topic: dragonedge/attendance
[2026-01-03 18:02:00] [INFO] Processing attendance: FP_ID=1, Time=2025-12-27 05:00:05, Device=DragonEdge-ESP32-Biometric
[2026-01-03 18:02:00] [INFO] Raw attendance saved with ID: 4
[2026-01-03 18:02:00] [ERROR] Employee not found for fingerprint ID: 1
[2026-01-03 18:02:02] [INFO] Device status update received
[2026-01-03 18:02:02] [INFO] Device status updated: DragonEdge-ESP32-Biometric
[2026-01-03 18:02:03] [INFO] Message received on topic: dragonedge/attendance
[2026-01-03 18:02:03] [INFO] Processing attendance: FP_ID=1, Time=2025-12-27 05:00:08, Device=DragonEdge-ESP32-Biometric
[2026-01-03 18:02:03] [INFO] Raw attendance saved with ID: 5
[2026-01-03 18:02:03] [ERROR] Employee not found for fingerprint ID: 1
[2026-01-03 18:02:06] [INFO] Message received on topic: dragonedge/attendance
[2026-01-03 18:02:06] [INFO] Processing attendance: FP_ID=1, Time=2025-12-27 05:00:11, Device=DragonEdge-ESP32-Biometric
[2026-01-03 18:02:06] [INFO] Raw attendance saved with ID: 6
[2026-01-03 18:02:06] [ERROR] Employee not found for fingerprint ID: 1
[2026-01-03 18:03:02] [INFO] Device status update received
[2026-01-03 18:03:02] [INFO] Device status updated: DragonEdge-ESP32-Biometric
[2026-01-03 18:04:02] [INFO] Device status update received
[2026-01-03 18:04:02] [INFO] Device status updated: DragonEdge-ESP32-Biometric
[2026-01-03 18:05:03] [INFO] Device status update received
[2026-01-03 18:05:03] [INFO] Device status updated: DragonEdge-ESP32-Biometric
[2026-01-03 18:06:03] [INFO] Device status update received
[2026-01-03 18:06:03] [INFO] Device status updated: DragonEdge-ESP32-Biometric
[2026-01-03 18:07:03] [INFO] Device status update received
[2026-01-03 18:07:03] [INFO] Device status updated: DragonEdge-ESP32-Biometric
[2026-01-03 18:08:03] [INFO] Device status update received
[2026-01-03 18:08:03] [INFO] Device status updated: DragonEdge-ESP32-Biometric
